<?xml version="1.0" encoding="UTF-8"?>
<!-- Generated by org.testng.reporters.JUnitXMLReporter -->
<testsuite ignored="0" hostname="LAPTOP-0SN4F3NG" failures="6" tests="15" name="Content Tests" time="85.249" errors="0" timestamp="2026-03-24T23:53:26 GST">
  <testcase classname="com.multibank.tests.ContentTest" name="testBuySellConvertSectionDisplayed" time="1.211"/>
  <testcase classname="com.multibank.tests.ContentTest" name="testDownloadAppButtonDisplayed" time="0.074"/>
  <testcase classname="com.multibank.tests.ContentTest" name="testEarnYieldSectionDisplayed" time="1.725"/>
  <testcase classname="com.multibank.tests.ContentTest" name="testExploreOpportunitiesSectionDisplayed" time="1.954"/>
  <testcase classname="com.multibank.tests.ContentTest" name="testFeaturesPageHeading" time="1.933"/>
  <testcase classname="com.multibank.tests.ContentTest" name="testFiatRampsCardDisplayed" time="1.919">
    <failure type="java.lang.AssertionError" message="&amp;apos;Fiat on/off ramps&amp;apos; card not visible! expected [true] but found [false]">
      <![CDATA[java.lang.AssertionError: 'Fiat on/off ramps' card not visible! expected [true] but found [false]
at com.multibank.tests.ContentTest.testFiatRampsCardDisplayed(ContentTest.java:113)
at java.base/java.util.ArrayList.forEach(ArrayList.java:1596)
at com.multibank.main.Main.main(Main.java:55)
... Removed 25 stack frames]]>
    </failure>
  </testcase> <!-- testFiatRampsCardDisplayed -->
  <testcase classname="com.multibank.tests.ContentTest" name="testHeavilyRegulatedCardDisplayed" time="1.579">
    <failure type="java.lang.AssertionError" message="&amp;apos;Heavily regulated&amp;apos; card not visible! expected [true] but found [false]">
      <![CDATA[java.lang.AssertionError: 'Heavily regulated' card not visible! expected [true] but found [false]
at com.multibank.tests.ContentTest.testHeavilyRegulatedCardDisplayed(ContentTest.java:120)
at java.base/java.util.ArrayList.forEach(ArrayList.java:1596)
at com.multibank.main.Main.main(Main.java:55)
... Removed 25 stack frames]]>
    </failure>
  </testcase> <!-- testHeavilyRegulatedCardDisplayed -->
  <testcase classname="com.multibank.tests.ContentTest" name="testHeroHeading" time="0.138"/>
  <testcase classname="com.multibank.tests.ContentTest" name="testHeroSubText" time="0.105"/>
  <testcase classname="com.multibank.tests.ContentTest" name="testHomeTopGainersDisplayed" time="0.094">
    <failure type="java.lang.AssertionError" message="Top Gainers section not on home page! expected [true] but found [false]">
      <![CDATA[java.lang.AssertionError: Top Gainers section not on home page! expected [true] but found [false]
at com.multibank.tests.ContentTest.testHomeTopGainersDisplayed(ContentTest.java:55)
at java.base/java.util.ArrayList.forEach(ArrayList.java:1596)
at com.multibank.main.Main.main(Main.java:55)
... Removed 25 stack frames]]>
    </failure>
  </testcase> <!-- testHomeTopGainersDisplayed -->
  <testcase classname="com.multibank.tests.ContentTest" name="testHomeTopLosersDisplayed" time="0.036">
    <failure type="java.lang.AssertionError" message="Top Losers section not on home page! expected [true] but found [false]">
      <![CDATA[java.lang.AssertionError: Top Losers section not on home page! expected [true] but found [false]
at com.multibank.tests.ContentTest.testHomeTopLosersDisplayed(ContentTest.java:67)
at java.base/java.util.ArrayList.forEach(ArrayList.java:1596)
at com.multibank.main.Main.main(Main.java:55)
... Removed 25 stack frames]]>
    </failure>
  </testcase> <!-- testHomeTopLosersDisplayed -->
  <testcase classname="com.multibank.tests.ContentTest" name="testHomeTrendingNowDisplayed" time="0.058">
    <failure type="java.lang.AssertionError" message="Trending Now section not on home page! expected [true] but found [false]">
      <![CDATA[java.lang.AssertionError: Trending Now section not on home page! expected [true] but found [false]
at com.multibank.tests.ContentTest.testHomeTrendingNowDisplayed(ContentTest.java:61)
at java.base/java.util.ArrayList.forEach(ArrayList.java:1596)
at com.multibank.main.Main.main(Main.java:55)
... Removed 25 stack frames]]>
    </failure>
  </testcase> <!-- testHomeTrendingNowDisplayed -->
  <testcase classname="com.multibank.tests.ContentTest" name="testMBGBenefitsSectionDisplayed" time="1.03"/>
  <testcase classname="com.multibank.tests.ContentTest" name="testOTCExecutionCardDisplayed" time="1.83">
    <failure type="java.lang.AssertionError" message="&amp;apos;Seamless OTC execution&amp;apos; card not visible! expected [true] but found [false]">
      <![CDATA[java.lang.AssertionError: 'Seamless OTC execution' card not visible! expected [true] but found [false]
at com.multibank.tests.ContentTest.testOTCExecutionCardDisplayed(ContentTest.java:127)
at java.base/java.util.ArrayList.forEach(ArrayList.java:1596)
at com.multibank.main.Main.main(Main.java:55)
... Removed 25 stack frames]]>
    </failure>
  </testcase> <!-- testOTCExecutionCardDisplayed -->
  <testcase classname="com.multibank.tests.ContentTest" name="testOpenAccountButtonDisplayed" time="0.066"/>
</testsuite> <!-- Content Tests -->
