<?xml version="1.0" encoding="UTF-8"?>
<!-- Generated by org.testng.reporters.JUnitXMLReporter -->
<testsuite ignored="0" hostname="LAPTOP-0SN4F3NG" failures="0" tests="18" name="Navigation Tests" time="68.663" errors="0" timestamp="2026-03-24T23:51:43 GST">
  <testcase classname="com.multibank.tests.BaseTest" name="@BeforeMethod setUp" time="3.605">
    <failure type="java.lang.NullPointerException" message="Cannot invoke &amp;quot;com.aventstack.extentreports.ExtentReports.createTest(String)&amp;quot; because &amp;quot;this.extent&amp;quot; is null">
      <![CDATA[java.lang.NullPointerException: Cannot invoke "com.aventstack.extentreports.ExtentReports.createTest(String)" because "this.extent" is null
at com.multibank.tests.BaseTest.setUp(BaseTest.java:28)
at java.base/java.util.ArrayList.forEach(ArrayList.java:1596)
at com.multibank.main.Main.main(Main.java:55)
... Removed 26 stack frames]]>
    </failure>
  </testcase> <!-- @BeforeMethod setUp -->
  <testcase classname="com.multibank.tests.BaseTest" name="@AfterMethod tearDown" time="0.0">
    <skipped/>
  </testcase> <!-- @AfterMethod tearDown -->
  <testcase classname="com.multibank.tests.BaseTest" name="@BeforeMethod setUp" time="0.0">
    <skipped/>
  </testcase> <!-- @BeforeMethod setUp -->
  <testcase classname="com.multibank.tests.BaseTest" name="@AfterMethod tearDown" time="0.0">
    <skipped/>
  </testcase> <!-- @AfterMethod tearDown -->
  <testcase classname="com.multibank.tests.BaseTest" name="@BeforeMethod setUp" time="0.0">
    <skipped/>
  </testcase> <!-- @BeforeMethod setUp -->
  <testcase classname="com.multibank.tests.BaseTest" name="@AfterMethod tearDown" time="0.0">
    <skipped/>
  </testcase> <!-- @AfterMethod tearDown -->
  <testcase classname="com.multibank.tests.BaseTest" name="@BeforeMethod setUp" time="0.0">
    <skipped/>
  </testcase> <!-- @BeforeMethod setUp -->
  <testcase classname="com.multibank.tests.BaseTest" name="@AfterMethod tearDown" time="0.0">
    <skipped/>
  </testcase> <!-- @AfterMethod tearDown -->
  <testcase classname="com.multibank.tests.BaseTest" name="@BeforeMethod setUp" time="0.0">
    <skipped/>
  </testcase> <!-- @BeforeMethod setUp -->
  <testcase classname="com.multibank.tests.BaseTest" name="@AfterMethod tearDown" time="0.0">
    <skipped/>
  </testcase> <!-- @AfterMethod tearDown -->
  <testcase classname="com.multibank.tests.BaseTest" name="@BeforeMethod setUp" time="0.0">
    <skipped/>
  </testcase> <!-- @BeforeMethod setUp -->
  <testcase classname="com.multibank.tests.BaseTest" name="@AfterMethod tearDown" time="0.0">
    <skipped/>
  </testcase> <!-- @AfterMethod tearDown -->
  <testcase classname="com.multibank.tests.BaseTest" name="@BeforeMethod setUp" time="0.0">
    <skipped/>
  </testcase> <!-- @BeforeMethod setUp -->
  <testcase classname="com.multibank.tests.BaseTest" name="@AfterMethod tearDown" time="0.0">
    <skipped/>
  </testcase> <!-- @AfterMethod tearDown -->
  <testcase classname="com.multibank.tests.BaseTest" name="@BeforeMethod setUp" time="0.0">
    <skipped/>
  </testcase> <!-- @BeforeMethod setUp -->
  <testcase classname="com.multibank.tests.BaseTest" name="@AfterMethod tearDown" time="0.0">
    <skipped/>
  </testcase> <!-- @AfterMethod tearDown -->
  <testcase classname="com.multibank.tests.BaseTest" name="@BeforeMethod setUp" time="0.0">
    <skipped/>
  </testcase> <!-- @BeforeMethod setUp -->
  <testcase classname="com.multibank.tests.BaseTest" name="@AfterMethod tearDown" time="0.0">
    <skipped/>
  </testcase> <!-- @AfterMethod tearDown -->
  <testcase classname="com.multibank.tests.BaseTest" name="@BeforeMethod setUp" time="0.0">
    <skipped/>
  </testcase> <!-- @BeforeMethod setUp -->
  <testcase classname="com.multibank.tests.BaseTest" name="@AfterMethod tearDown" time="0.0">
    <skipped/>
  </testcase> <!-- @AfterMethod tearDown -->
  <testcase classname="com.multibank.tests.BaseTest" name="@BeforeMethod setUp" time="0.0">
    <skipped/>
  </testcase> <!-- @BeforeMethod setUp -->
  <testcase classname="com.multibank.tests.BaseTest" name="@AfterMethod tearDown" time="0.0">
    <skipped/>
  </testcase> <!-- @AfterMethod tearDown -->
  <testcase classname="com.multibank.tests.BaseTest" name="@BeforeMethod setUp" time="0.0">
    <skipped/>
  </testcase> <!-- @BeforeMethod setUp -->
  <testcase classname="com.multibank.tests.BaseTest" name="@AfterMethod tearDown" time="0.0">
    <skipped/>
  </testcase> <!-- @AfterMethod tearDown -->
  <testcase classname="com.multibank.tests.BaseTest" name="@BeforeMethod setUp" time="0.0">
    <skipped/>
  </testcase> <!-- @BeforeMethod setUp -->
  <testcase classname="com.multibank.tests.BaseTest" name="@AfterMethod tearDown" time="0.0">
    <skipped/>
  </testcase> <!-- @AfterMethod tearDown -->
  <testcase classname="com.multibank.tests.BaseTest" name="@BeforeMethod setUp" time="0.0">
    <skipped/>
  </testcase> <!-- @BeforeMethod setUp -->
  <testcase classname="com.multibank.tests.BaseTest" name="@AfterMethod tearDown" time="0.0">
    <skipped/>
  </testcase> <!-- @AfterMethod tearDown -->
  <testcase classname="com.multibank.tests.BaseTest" name="@BeforeMethod setUp" time="0.0">
    <skipped/>
  </testcase> <!-- @BeforeMethod setUp -->
  <testcase classname="com.multibank.tests.BaseTest" name="@AfterMethod tearDown" time="0.0">
    <skipped/>
  </testcase> <!-- @AfterMethod tearDown -->
  <testcase classname="com.multibank.tests.BaseTest" name="@BeforeMethod setUp" time="0.0">
    <skipped/>
  </testcase> <!-- @BeforeMethod setUp -->
  <testcase classname="com.multibank.tests.BaseTest" name="@AfterMethod tearDown" time="0.0">
    <skipped/>
  </testcase> <!-- @AfterMethod tearDown -->
  <testcase classname="com.multibank.tests.BaseTest" name="@BeforeMethod setUp" time="0.0">
    <skipped/>
  </testcase> <!-- @BeforeMethod setUp -->
  <testcase classname="com.multibank.tests.BaseTest" name="@AfterMethod tearDown" time="0.0">
    <skipped/>
  </testcase> <!-- @AfterMethod tearDown -->
  <testcase classname="com.multibank.tests.BaseTest" name="@BeforeMethod setUp" time="0.0">
    <skipped/>
  </testcase> <!-- @BeforeMethod setUp -->
  <testcase classname="com.multibank.tests.BaseTest" name="@AfterMethod tearDown" time="0.0">
    <skipped/>
  </testcase> <!-- @AfterMethod tearDown -->
  <testcase classname="com.multibank.tests.NavigationTest" name="testPageTitle" time="0.0">
    <skipped/>
  </testcase> <!-- testPageTitle -->
  <testcase classname="com.multibank.tests.NavigationTest" name="testSignInButtonDisplayed" time="0.0">
    <skipped/>
  </testcase> <!-- testSignInButtonDisplayed -->
  <testcase classname="com.multibank.tests.NavigationTest" name="testSignUpButtonDisplayed" time="0.0">
    <skipped/>
  </testcase> <!-- testSignUpButtonDisplayed -->
  <testcase classname="com.multibank.tests.NavigationTest" name="testSignInNavigation" time="0.0">
    <skipped/>
  </testcase> <!-- testSignInNavigation -->
  <testcase classname="com.multibank.tests.NavigationTest" name="testSignUpNavigation" time="0.0">
    <skipped/>
  </testcase> <!-- testSignUpNavigation -->
  <testcase classname="com.multibank.tests.NavigationTest" name="testExploreNavigation" time="0.0">
    <skipped/>
  </testcase> <!-- testExploreNavigation -->
  <testcase classname="com.multibank.tests.NavigationTest" name="testFeaturesNavigation" time="0.0">
    <skipped/>
  </testcase> <!-- testFeaturesNavigation -->
  <testcase classname="com.multibank.tests.NavigationTest" name="testCompanyNavigation" time="0.0">
    <skipped/>
  </testcase> <!-- testCompanyNavigation -->
  <testcase classname="com.multibank.tests.NavigationTest" name="testMainNavLinksPresent" time="0.0">
    <skipped/>
  </testcase> <!-- testMainNavLinksPresent -->
  <testcase classname="com.multibank.tests.NavigationTest" name="testHeroHeading" time="0.0">
    <skipped/>
  </testcase> <!-- testHeroHeading -->
  <testcase classname="com.multibank.tests.NavigationTest" name="testHeroSubText" time="0.0">
    <skipped/>
  </testcase> <!-- testHeroSubText -->
  <testcase classname="com.multibank.tests.NavigationTest" name="testDownloadAppButton" time="0.0">
    <skipped/>
  </testcase> <!-- testDownloadAppButton -->
  <testcase classname="com.multibank.tests.NavigationTest" name="testOpenAccountButton" time="0.0">
    <skipped/>
  </testcase> <!-- testOpenAccountButton -->
  <testcase classname="com.multibank.tests.NavigationTest" name="testTopGainersSectionDisplayed" time="0.0">
    <skipped/>
  </testcase> <!-- testTopGainersSectionDisplayed -->
  <testcase classname="com.multibank.tests.NavigationTest" name="testTrendingNowSectionDisplayed" time="0.0">
    <skipped/>
  </testcase> <!-- testTrendingNowSectionDisplayed -->
  <testcase classname="com.multibank.tests.NavigationTest" name="testTopLosersSectionDisplayed" time="0.0">
    <skipped/>
  </testcase> <!-- testTopLosersSectionDisplayed -->
  <testcase classname="com.multibank.tests.NavigationTest" name="testFooterCopyrightDisplayed" time="0.0">
    <skipped/>
  </testcase> <!-- testFooterCopyrightDisplayed -->
  <testcase classname="com.multibank.tests.NavigationTest" name="testFooterLinksPresent" time="0.0">
    <skipped/>
  </testcase> <!-- testFooterLinksPresent -->
</testsuite> <!-- Navigation Tests -->
