<?xml version="1.0" encoding="UTF-8"?>
<!-- Generated by org.testng.reporters.JUnitXMLReporter -->
<testsuite ignored="0" hostname="LAPTOP-0SN4F3NG" failures="0" tests="10" name="Trading Tests" time="18.158" errors="0" timestamp="2026-03-24T23:52:01 GST">
  <testcase classname="com.multibank.tests.TradingTest" name="testDepositPromoDisplayed" time="0.0">
    <skipped/>
  </testcase> <!-- testDepositPromoDisplayed -->
  <testcase classname="com.multibank.tests.TradingTest" name="testDownloadAppLinkDisplayed" time="0.0">
    <skipped/>
  </testcase> <!-- testDownloadAppLinkDisplayed -->
  <testcase classname="com.multibank.tests.TradingTest" name="testEarnPromoDisplayed" time="0.0">
    <skipped/>
  </testcase> <!-- testEarnPromoDisplayed -->
  <testcase classname="com.multibank.tests.TradingTest" name="testExplorePageHeading" time="0.0">
    <skipped/>
  </testcase> <!-- testExplorePageHeading -->
  <testcase classname="com.multibank.tests.TradingTest" name="testInstantBuyPromoDisplayed" time="0.0">
    <skipped/>
  </testcase> <!-- testInstantBuyPromoDisplayed -->
  <testcase classname="com.multibank.tests.TradingTest" name="testMarketSentimentDisplayed" time="0.0">
    <skipped/>
  </testcase> <!-- testMarketSentimentDisplayed -->
  <testcase classname="com.multibank.tests.TradingTest" name="testSpotMarketSectionDisplayed" time="0.0">
    <skipped/>
  </testcase> <!-- testSpotMarketSectionDisplayed -->
  <testcase classname="com.multibank.tests.TradingTest" name="testTopGainersSectionDisplayed" time="0.0">
    <skipped/>
  </testcase> <!-- testTopGainersSectionDisplayed -->
  <testcase classname="com.multibank.tests.TradingTest" name="testTopLosersSectionDisplayed" time="0.0">
    <skipped/>
  </testcase> <!-- testTopLosersSectionDisplayed -->
  <testcase classname="com.multibank.tests.TradingTest" name="testTrendingNowSectionDisplayed" time="0.0">
    <skipped/>
  </testcase> <!-- testTrendingNowSectionDisplayed -->
</testsuite> <!-- Trading Tests -->
