<?xml version="1.0" encoding="UTF-8"?>
<!-- Generated by org.testng.reporters.JUnitXMLReporter -->
<testsuite ignored="0" hostname="LAPTOP-0SN4F3NG" failures="5" tests="18" name="Navigation Test" time="185.933" errors="0" timestamp="2026-03-24T15:48:12 GST">
  <testcase classname="com.multibank.tests.NavigationTest" name="testPageTitle" time="0.527"/>
  <testcase classname="com.multibank.tests.NavigationTest" name="testSignInButtonDisplayed" time="0.111"/>
  <testcase classname="com.multibank.tests.NavigationTest" name="testSignUpButtonDisplayed" time="0.064"/>
  <testcase classname="com.multibank.tests.NavigationTest" name="testSignInNavigation" time="17.265">
    <failure type="org.openqa.selenium.TimeoutException" message="Expected condition failed: waiting for url to contain &amp;quot;login&amp;quot;. Current url: &amp;quot;https://mb.io/en-AE&amp;quot; (tried for 15 second(s) with 500 milliseconds interval)
Build info: version: &amp;apos;4.18.1&amp;apos;, revision: &amp;apos;b1d3319b48&amp;apos;
System info: os.name: &amp;apos;Windows 11&amp;apos;, os.arch: &amp;apos;amd64&amp;apos;, os.version: &amp;apos;10.0&amp;apos;, java.version: &amp;apos;21.0.9&amp;apos;
Driver info: org.openqa.selenium.chrome.ChromeDriver
Capabilities {acceptInsecureCerts: false, browserName: chrome, browserVersion: 146.0.7680.155, chrome: {chromedriverVersion: 146.0.7680.165 (4b989da09e1..., userDataDir: C:\Users\afrin\AppData\Loca...}, fedcm:accounts: true, goog:chromeOptions: {debuggerAddress: localhost:58604}, goog:processID: 27396, networkConnectionEnabled: false, pageLoadStrategy: normal, platformName: windows, proxy: Proxy(), se:cdp: ws://localhost:58604/devtoo..., se:cdpVersion: 146.0.7680.155, setWindowRect: true, strictFileInteractability: false, timeouts: {implicit: 0, pageLoad: 300000, script: 30000}, unhandledPromptBehavior: dismiss and notify, webauthn:extension:credBlob: true, webauthn:extension:largeBlob: true, webauthn:extension:minPinLength: true, webauthn:extension:prf: true, webauthn:virtualAuthenticators: true}
Session ID: 97fcf4c7539e44c762a708dbd575332b">
      <![CDATA[org.openqa.selenium.TimeoutException: Expected condition failed: waiting for url to contain "login". Current url: "https://mb.io/en-AE" (tried for 15 second(s) with 500 milliseconds interval)
Build info: version: '4.18.1', revision: 'b1d3319b48'
System info: os.name: 'Windows 11', os.arch: 'amd64', os.version: '10.0', java.version: '21.0.9'
Driver info: org.openqa.selenium.chrome.ChromeDriver
Capabilities {acceptInsecureCerts: false, browserName: chrome, browserVersion: 146.0.7680.155, chrome: {chromedriverVersion: 146.0.7680.165 (4b989da09e1..., userDataDir: C:\Users\afrin\AppData\Loca...}, fedcm:accounts: true, goog:chromeOptions: {debuggerAddress: localhost:58604}, goog:processID: 27396, networkConnectionEnabled: false, pageLoadStrategy: normal, platformName: windows, proxy: Proxy(), se:cdp: ws://localhost:58604/devtoo..., se:cdpVersion: 146.0.7680.155, setWindowRect: true, strictFileInteractability: false, timeouts: {implicit: 0, pageLoad: 300000, script: 30000}, unhandledPromptBehavior: dismiss and notify, webauthn:extension:credBlob: true, webauthn:extension:largeBlob: true, webauthn:extension:minPinLength: true, webauthn:extension:prf: true, webauthn:virtualAuthenticators: true}
Session ID: 97fcf4c7539e44c762a708dbd575332b
at org.openqa.selenium.support.ui.WebDriverWait.timeoutException(WebDriverWait.java:84)
at org.openqa.selenium.support.ui.FluentWait.until(FluentWait.java:228)
at com.multibank.tests.NavigationTest.testSignInNavigation(NavigationTest.java:83)
at java.base/java.util.ArrayList.forEach(ArrayList.java:1596)
at com.multibank.main.Main.main(Main.java:43)
... Removed 22 stack frames]]>
    </failure>
  </testcase> <!-- testSignInNavigation -->
  <testcase classname="com.multibank.tests.NavigationTest" name="testSignUpNavigation" time="17.115">
    <failure type="org.openqa.selenium.TimeoutException" message="Expected condition failed: waiting for url to contain &amp;quot;register&amp;quot;. Current url: &amp;quot;https://mb.io/en-AE&amp;quot; (tried for 15 second(s) with 500 milliseconds interval)
Build info: version: &amp;apos;4.18.1&amp;apos;, revision: &amp;apos;b1d3319b48&amp;apos;
System info: os.name: &amp;apos;Windows 11&amp;apos;, os.arch: &amp;apos;amd64&amp;apos;, os.version: &amp;apos;10.0&amp;apos;, java.version: &amp;apos;21.0.9&amp;apos;
Driver info: org.openqa.selenium.chrome.ChromeDriver
Capabilities {acceptInsecureCerts: false, browserName: chrome, browserVersion: 146.0.7680.155, chrome: {chromedriverVersion: 146.0.7680.165 (4b989da09e1..., userDataDir: C:\Users\afrin\AppData\Loca...}, fedcm:accounts: true, goog:chromeOptions: {debuggerAddress: localhost:50092}, goog:processID: 26644, networkConnectionEnabled: false, pageLoadStrategy: normal, platformName: windows, proxy: Proxy(), se:cdp: ws://localhost:50092/devtoo..., se:cdpVersion: 146.0.7680.155, setWindowRect: true, strictFileInteractability: false, timeouts: {implicit: 0, pageLoad: 300000, script: 30000}, unhandledPromptBehavior: dismiss and notify, webauthn:extension:credBlob: true, webauthn:extension:largeBlob: true, webauthn:extension:minPinLength: true, webauthn:extension:prf: true, webauthn:virtualAuthenticators: true}
Session ID: 5ab6a385ccae064c0d1d3deb3672ac87">
      <![CDATA[org.openqa.selenium.TimeoutException: Expected condition failed: waiting for url to contain "register". Current url: "https://mb.io/en-AE" (tried for 15 second(s) with 500 milliseconds interval)
Build info: version: '4.18.1', revision: 'b1d3319b48'
System info: os.name: 'Windows 11', os.arch: 'amd64', os.version: '10.0', java.version: '21.0.9'
Driver info: org.openqa.selenium.chrome.ChromeDriver
Capabilities {acceptInsecureCerts: false, browserName: chrome, browserVersion: 146.0.7680.155, chrome: {chromedriverVersion: 146.0.7680.165 (4b989da09e1..., userDataDir: C:\Users\afrin\AppData\Loca...}, fedcm:accounts: true, goog:chromeOptions: {debuggerAddress: localhost:50092}, goog:processID: 26644, networkConnectionEnabled: false, pageLoadStrategy: normal, platformName: windows, proxy: Proxy(), se:cdp: ws://localhost:50092/devtoo..., se:cdpVersion: 146.0.7680.155, setWindowRect: true, strictFileInteractability: false, timeouts: {implicit: 0, pageLoad: 300000, script: 30000}, unhandledPromptBehavior: dismiss and notify, webauthn:extension:credBlob: true, webauthn:extension:largeBlob: true, webauthn:extension:minPinLength: true, webauthn:extension:prf: true, webauthn:virtualAuthenticators: true}
Session ID: 5ab6a385ccae064c0d1d3deb3672ac87
at org.openqa.selenium.support.ui.WebDriverWait.timeoutException(WebDriverWait.java:84)
at org.openqa.selenium.support.ui.FluentWait.until(FluentWait.java:228)
at com.multibank.tests.NavigationTest.testSignUpNavigation(NavigationTest.java:107)
at java.base/java.util.ArrayList.forEach(ArrayList.java:1596)
at com.multibank.main.Main.main(Main.java:43)
... Removed 22 stack frames]]>
    </failure>
  </testcase> <!-- testSignUpNavigation -->
  <testcase classname="com.multibank.tests.NavigationTest" name="testExploreNavigation" time="1.59"/>
  <testcase classname="com.multibank.tests.NavigationTest" name="testFeaturesNavigation" time="1.27"/>
  <testcase classname="com.multibank.tests.NavigationTest" name="testCompanyNavigation" time="1.268"/>
  <testcase classname="com.multibank.tests.NavigationTest" name="testMainNavLinksPresent" time="0.167"/>
  <testcase classname="com.multibank.tests.NavigationTest" name="testHeroHeading" time="0.063"/>
  <testcase classname="com.multibank.tests.NavigationTest" name="testHeroSubText" time="0.063"/>
  <testcase classname="com.multibank.tests.NavigationTest" name="testDownloadAppButton" time="0.063"/>
  <testcase classname="com.multibank.tests.NavigationTest" name="testOpenAccountButton" time="0.048"/>
  <testcase classname="com.multibank.tests.NavigationTest" name="testTopGainersSectionDisplayed" time="0.032">
    <failure type="java.lang.AssertionError" message="Top Gainers section NOT visible! expected [true] but found [false]">
      <![CDATA[java.lang.AssertionError: Top Gainers section NOT visible! expected [true] but found [false]
at com.multibank.tests.NavigationTest.testTopGainersSectionDisplayed(NavigationTest.java:241)
at java.base/java.util.ArrayList.forEach(ArrayList.java:1596)
at com.multibank.main.Main.main(Main.java:43)
... Removed 25 stack frames]]>
    </failure>
  </testcase> <!-- testTopGainersSectionDisplayed -->
  <testcase classname="com.multibank.tests.NavigationTest" name="testTrendingNowSectionDisplayed" time="0.063">
    <failure type="java.lang.AssertionError" message="Trending Now section NOT visible! expected [true] but found [false]">
      <![CDATA[java.lang.AssertionError: Trending Now section NOT visible! expected [true] but found [false]
at com.multibank.tests.NavigationTest.testTrendingNowSectionDisplayed(NavigationTest.java:247)
at java.base/java.util.ArrayList.forEach(ArrayList.java:1596)
at com.multibank.main.Main.main(Main.java:43)
... Removed 25 stack frames]]>
    </failure>
  </testcase> <!-- testTrendingNowSectionDisplayed -->
  <testcase classname="com.multibank.tests.NavigationTest" name="testTopLosersSectionDisplayed" time="0.025">
    <failure type="java.lang.AssertionError" message="Top Losers section NOT visible! expected [true] but found [false]">
      <![CDATA[java.lang.AssertionError: Top Losers section NOT visible! expected [true] but found [false]
at com.multibank.tests.NavigationTest.testTopLosersSectionDisplayed(NavigationTest.java:253)
at java.base/java.util.ArrayList.forEach(ArrayList.java:1596)
at com.multibank.main.Main.main(Main.java:43)
... Removed 25 stack frames]]>
    </failure>
  </testcase> <!-- testTopLosersSectionDisplayed -->
  <testcase classname="com.multibank.tests.NavigationTest" name="testFooterCopyrightDisplayed" time="0.135"/>
  <testcase classname="com.multibank.tests.NavigationTest" name="testFooterLinksPresent" time="0.372"/>
</testsuite> <!-- Navigation Test -->
