<?xml version="1.0" encoding="UTF-8"?>
<!-- Generated by org.testng.reporters.JUnitReportReporter -->
<testsuite hostname="LAPTOP-0SN4F3NG" failures="0" tests="11" name="com.multibank.tests.TradingTest" time="18.112" errors="1" timestamp="2026-03-24T23:53:28 GST" skipped="10">
  <testcase classname="com.multibank.tests.TradingTest" name="testInstantBuyPromoDisplayed" time="1.396">
    <skipped/>
  </testcase> <!-- testInstantBuyPromoDisplayed -->
  <testcase classname="com.multibank.tests.TradingTest" name="testTrendingNowSectionDisplayed" time="1.313">
    <skipped/>
  </testcase> <!-- testTrendingNowSectionDisplayed -->
  <testcase classname="com.multibank.tests.TradingTest" name="testTopLosersSectionDisplayed" time="2.012">
    <skipped/>
  </testcase> <!-- testTopLosersSectionDisplayed -->
  <testcase classname="com.multibank.tests.TradingTest" name="testEarnPromoDisplayed" time="1.701">
    <skipped/>
  </testcase> <!-- testEarnPromoDisplayed -->
  <testcase classname="com.multibank.tests.TradingTest" name="testDepositPromoDisplayed" time="1.389">
    <skipped/>
  </testcase> <!-- testDepositPromoDisplayed -->
  <testcase classname="com.multibank.tests.TradingTest" name="testTopGainersSectionDisplayed" time="1.339">
    <skipped/>
  </testcase> <!-- testTopGainersSectionDisplayed -->
  <testcase classname="com.multibank.tests.TradingTest" name="setUp" time="4.771">
    <error message="Cannot invoke &quot;com.aventstack.extentreports.ExtentReports.createTest(String)&quot; because &quot;this.extent&quot; is null" type="java.lang.NullPointerException">
      <![CDATA[java.lang.NullPointerException: Cannot invoke "com.aventstack.extentreports.ExtentReports.createTest(String)" because "this.extent" is null
at com.multibank.tests.BaseTest.setUp(BaseTest.java:28)
at java.base/jdk.internal.reflect.DirectMethodHandleAccessor.invoke(DirectMethodHandleAccessor.java:103)
at java.base/java.lang.reflect.Method.invoke(Method.java:580)
at org.testng.internal.invokers.MethodInvocationHelper.invokeMethod(MethodInvocationHelper.java:139)
at org.testng.internal.invokers.MethodInvocationHelper.invokeMethodConsideringTimeout(MethodInvocationHelper.java:69)
at org.testng.internal.invokers.ConfigInvoker.invokeConfigurationMethod(ConfigInvoker.java:393)
at org.testng.internal.invokers.ConfigInvoker.invokeConfigurations(ConfigInvoker.java:326)
at org.testng.internal.invokers.TestInvoker.runConfigMethods(TestInvoker.java:810)
at org.testng.internal.invokers.TestInvoker.invokeMethod(TestInvoker.java:578)
at org.testng.internal.invokers.TestInvoker.invokeTestMethod(TestInvoker.java:228)
at org.testng.internal.invokers.MethodRunner.runInSequence(MethodRunner.java:63)
at org.testng.internal.invokers.TestInvoker$MethodInvocationAgent.invoke(TestInvoker.java:961)
at org.testng.internal.invokers.TestInvoker.invokeTestMethods(TestInvoker.java:201)
at org.testng.internal.invokers.TestMethodWorker.invokeTestMethods(TestMethodWorker.java:148)
at org.testng.internal.invokers.TestMethodWorker.run(TestMethodWorker.java:128)
at java.base/java.util.ArrayList.forEach(ArrayList.java:1596)
at org.testng.TestRunner.privateRun(TestRunner.java:819)
at org.testng.TestRunner.run(TestRunner.java:619)
at org.testng.SuiteRunner.runTest(SuiteRunner.java:443)
at org.testng.SuiteRunner.runSequentially(SuiteRunner.java:437)
at org.testng.SuiteRunner.privateRun(SuiteRunner.java:397)
at org.testng.SuiteRunner.run(SuiteRunner.java:336)
at org.testng.SuiteRunnerWorker.runSuite(SuiteRunnerWorker.java:52)
at org.testng.SuiteRunnerWorker.run(SuiteRunnerWorker.java:95)
at org.testng.TestNG.runSuitesSequentially(TestNG.java:1301)
at org.testng.TestNG.runSuitesLocally(TestNG.java:1228)
at org.testng.TestNG.runSuites(TestNG.java:1134)
at org.testng.TestNG.run(TestNG.java:1101)
at com.multibank.main.Main.main(Main.java:55)
]]>
    </error>
  </testcase> <!-- setUp -->
  <testcase classname="com.multibank.tests.TradingTest" name="testDownloadAppLinkDisplayed" time="1.186">
    <skipped/>
  </testcase> <!-- testDownloadAppLinkDisplayed -->
  <testcase classname="com.multibank.tests.TradingTest" name="testExplorePageHeading" time="1.901">
    <skipped/>
  </testcase> <!-- testExplorePageHeading -->
  <testcase classname="com.multibank.tests.TradingTest" name="testSpotMarketSectionDisplayed" time="1.104">
    <skipped/>
  </testcase> <!-- testSpotMarketSectionDisplayed -->
  <testcase classname="com.multibank.tests.TradingTest" name="testMarketSentimentDisplayed" time="0.000">
    <skipped/>
  </testcase> <!-- testMarketSentimentDisplayed -->
</testsuite> <!-- com.multibank.tests.TradingTest -->
