<?xml version="1.0" encoding="UTF-8"?>
<!-- Generated by org.testng.reporters.JUnitReportReporter -->
<testsuite hostname="LAPTOP-0SN4F3NG" failures="0" tests="19" name="com.multibank.tests.NavigationTest" time="68.598" errors="1" timestamp="2026-03-24T23:53:28 GST" skipped="18">
  <testcase classname="com.multibank.tests.NavigationTest" name="setUp" time="7.121">
    <error message="Cannot invoke &quot;com.aventstack.extentreports.ExtentReports.createTest(String)&quot; because &quot;this.extent&quot; is null" type="java.lang.NullPointerException">
      <![CDATA[java.lang.NullPointerException: Cannot invoke "com.aventstack.extentreports.ExtentReports.createTest(String)" because "this.extent" is null
at com.multibank.tests.BaseTest.setUp(BaseTest.java:28)
at java.base/jdk.internal.reflect.DirectMethodHandleAccessor.invoke(DirectMethodHandleAccessor.java:103)
at java.base/java.lang.reflect.Method.invoke(Method.java:580)
at org.testng.internal.invokers.MethodInvocationHelper.invokeMethod(MethodInvocationHelper.java:139)
at org.testng.internal.invokers.MethodInvocationHelper.invokeMethodConsideringTimeout(MethodInvocationHelper.java:69)
at org.testng.internal.invokers.ConfigInvoker.invokeConfigurationMethod(ConfigInvoker.java:393)
at org.testng.internal.invokers.ConfigInvoker.invokeConfigurations(ConfigInvoker.java:326)
at org.testng.internal.invokers.TestInvoker.runConfigMethods(TestInvoker.java:810)
at org.testng.internal.invokers.TestInvoker.invokeMethod(TestInvoker.java:578)
at org.testng.internal.invokers.TestInvoker.invokeTestMethod(TestInvoker.java:228)
at org.testng.internal.invokers.MethodRunner.runInSequence(MethodRunner.java:63)
at org.testng.internal.invokers.TestInvoker$MethodInvocationAgent.invoke(TestInvoker.java:961)
at org.testng.internal.invokers.TestInvoker.invokeTestMethods(TestInvoker.java:201)
at org.testng.internal.invokers.TestMethodWorker.invokeTestMethods(TestMethodWorker.java:148)
at org.testng.internal.invokers.TestMethodWorker.run(TestMethodWorker.java:128)
at java.base/java.util.ArrayList.forEach(ArrayList.java:1596)
at org.testng.TestRunner.privateRun(TestRunner.java:819)
at org.testng.TestRunner.run(TestRunner.java:619)
at org.testng.SuiteRunner.runTest(SuiteRunner.java:443)
at org.testng.SuiteRunner.runSequentially(SuiteRunner.java:437)
at org.testng.SuiteRunner.privateRun(SuiteRunner.java:397)
at org.testng.SuiteRunner.run(SuiteRunner.java:336)
at org.testng.SuiteRunnerWorker.runSuite(SuiteRunnerWorker.java:52)
at org.testng.SuiteRunnerWorker.run(SuiteRunnerWorker.java:95)
at org.testng.TestNG.runSuitesSequentially(TestNG.java:1301)
at org.testng.TestNG.runSuitesLocally(TestNG.java:1228)
at org.testng.TestNG.runSuites(TestNG.java:1134)
at org.testng.TestNG.run(TestNG.java:1101)
at com.multibank.main.Main.main(Main.java:55)
]]>
    </error>
  </testcase> <!-- setUp -->
  <testcase classname="com.multibank.tests.NavigationTest" name="testPageTitle" time="3.801">
    <skipped/>
  </testcase> <!-- testPageTitle -->
  <testcase classname="com.multibank.tests.NavigationTest" name="testSignInButtonDisplayed" time="3.832">
    <skipped/>
  </testcase> <!-- testSignInButtonDisplayed -->
  <testcase classname="com.multibank.tests.NavigationTest" name="testSignUpButtonDisplayed" time="3.340">
    <skipped/>
  </testcase> <!-- testSignUpButtonDisplayed -->
  <testcase classname="com.multibank.tests.NavigationTest" name="testSignInNavigation" time="3.234">
    <skipped/>
  </testcase> <!-- testSignInNavigation -->
  <testcase classname="com.multibank.tests.NavigationTest" name="testSignUpNavigation" time="3.560">
    <skipped/>
  </testcase> <!-- testSignUpNavigation -->
  <testcase classname="com.multibank.tests.NavigationTest" name="testExploreNavigation" time="3.075">
    <skipped/>
  </testcase> <!-- testExploreNavigation -->
  <testcase classname="com.multibank.tests.NavigationTest" name="testFeaturesNavigation" time="3.492">
    <skipped/>
  </testcase> <!-- testFeaturesNavigation -->
  <testcase classname="com.multibank.tests.NavigationTest" name="testCompanyNavigation" time="3.434">
    <skipped/>
  </testcase> <!-- testCompanyNavigation -->
  <testcase classname="com.multibank.tests.NavigationTest" name="testMainNavLinksPresent" time="4.089">
    <skipped/>
  </testcase> <!-- testMainNavLinksPresent -->
  <testcase classname="com.multibank.tests.NavigationTest" name="testHeroHeading" time="3.603">
    <skipped/>
  </testcase> <!-- testHeroHeading -->
  <testcase classname="com.multibank.tests.NavigationTest" name="testHeroSubText" time="3.415">
    <skipped/>
  </testcase> <!-- testHeroSubText -->
  <testcase classname="com.multibank.tests.NavigationTest" name="testDownloadAppButton" time="3.480">
    <skipped/>
  </testcase> <!-- testDownloadAppButton -->
  <testcase classname="com.multibank.tests.NavigationTest" name="testOpenAccountButton" time="3.577">
    <skipped/>
  </testcase> <!-- testOpenAccountButton -->
  <testcase classname="com.multibank.tests.NavigationTest" name="testTopGainersSectionDisplayed" time="3.131">
    <skipped/>
  </testcase> <!-- testTopGainersSectionDisplayed -->
  <testcase classname="com.multibank.tests.NavigationTest" name="testTrendingNowSectionDisplayed" time="3.673">
    <skipped/>
  </testcase> <!-- testTrendingNowSectionDisplayed -->
  <testcase classname="com.multibank.tests.NavigationTest" name="testTopLosersSectionDisplayed" time="3.612">
    <skipped/>
  </testcase> <!-- testTopLosersSectionDisplayed -->
  <testcase classname="com.multibank.tests.NavigationTest" name="testFooterCopyrightDisplayed" time="5.129">
    <skipped/>
  </testcase> <!-- testFooterCopyrightDisplayed -->
  <testcase classname="com.multibank.tests.NavigationTest" name="testFooterLinksPresent" time="0.000">
    <skipped/>
  </testcase> <!-- testFooterLinksPresent -->
</testsuite> <!-- com.multibank.tests.NavigationTest -->
